0 info it worked if it ends with ok
1 verbose cli [ '/opt/node-v5.1.0-linux-x64/bin/node',
1 verbose cli   '/opt/node/bin/npm',
1 verbose cli   'start' ]
2 info using npm@3.3.12
3 info using node@v5.1.0
4 verbose run-script [ 'prestart', 'start', 'poststart' ]
5 info lifecycle chat-app@1.0.0~prestart: chat-app@1.0.0
6 silly lifecycle chat-app@1.0.0~prestart: no script for prestart, continuing
7 info lifecycle chat-app@1.0.0~start: chat-app@1.0.0
8 verbose lifecycle chat-app@1.0.0~start: unsafe-perm in lifecycle true
9 verbose lifecycle chat-app@1.0.0~start: PATH: /opt/node-v5.1.0-linux-x64/lib/node_modules/npm/bin/node-gyp-bin:/home/arun/projects/ChatApp/node_modules/.bin:/home/arun/bin:/usr/local/heroku/bin:/home/arun/bin:/usr/local/sbin:/usr/local/bin:/usr/sbin:/usr/bin:/sbin:/bin:/usr/games:/usr/local/games:/opt/WebStorm2016/bin:/opt/java/bin:/opt/node/bin:/opt/mongodb/bin:/opt/android-studio/bin:ANDRIOD_HOME
10 verbose lifecycle chat-app@1.0.0~start: CWD: /home/arun/projects/ChatApp
11 silly lifecycle chat-app@1.0.0~start: Args: [ '-c', 'babel-node server/app.js' ]
12 silly lifecycle chat-app@1.0.0~start: Returned: code: 1  signal: null
13 info lifecycle chat-app@1.0.0~start: Failed to exec start script
14 verbose stack Error: chat-app@1.0.0 start: `babel-node server/app.js`
14 verbose stack Exit status 1
14 verbose stack     at EventEmitter.<anonymous> (/opt/node-v5.1.0-linux-x64/lib/node_modules/npm/lib/utils/lifecycle.js:232:16)
14 verbose stack     at emitTwo (events.js:87:13)
14 verbose stack     at EventEmitter.emit (events.js:172:7)
14 verbose stack     at ChildProcess.<anonymous> (/opt/node-v5.1.0-linux-x64/lib/node_modules/npm/lib/utils/spawn.js:24:14)
14 verbose stack     at emitTwo (events.js:87:13)
14 verbose stack     at ChildProcess.emit (events.js:172:7)
14 verbose stack     at maybeClose (internal/child_process.js:818:16)
14 verbose stack     at Process.ChildProcess._handle.onexit (internal/child_process.js:211:5)
15 verbose pkgid chat-app@1.0.0
16 verbose cwd /home/arun/projects/ChatApp
17 error Linux 4.4.0-38-generic
18 error argv "/opt/node-v5.1.0-linux-x64/bin/node" "/opt/node/bin/npm" "start"
19 error node v5.1.0
20 error npm  v3.3.12
21 error code ELIFECYCLE
22 error chat-app@1.0.0 start: `babel-node server/app.js`
22 error Exit status 1
23 error Failed at the chat-app@1.0.0 start script 'babel-node server/app.js'.
23 error Make sure you have the latest version of node.js and npm installed.
23 error If you do, this is most likely a problem with the chat-app package,
23 error not with npm itself.
23 error Tell the author that this fails on your system:
23 error     babel-node server/app.js
23 error You can get their info via:
23 error     npm owner ls chat-app
23 error There is likely additional logging output above.
24 verbose exit [ 1, true ]
